<?xml version="1.0" encoding="UTF-8"?>
<testsuite name="TestCalc" tests="1" skipped="0" failures="0" errors="0" timestamp="2023-03-22T14:32:00" hostname="DESKTOP-U14PLEN" time="0.013">
  <properties/>
  <testcase name="mustReturnTwee()" classname="TestCalc" time="0.013"/>
  <system-out><![CDATA[]]></system-out>
  <system-err><![CDATA[]]></system-err>
</testsuite>
